*** Using Compiler 'V5.06 update 7 (build 960)', folder: 'R:\Program Files\Keil v5\ARM\ARMCC\Bin'
Build target '1_USART_Polling_Transmit_Receive'
assembling startup_stm32f103xe.s...
compiling gpio.c...
compiling stm32f1xx_hal_gpio_ex.c...
compiling stm32f1xx_hal_msp.c...
compiling usart.c...
compiling stm32f1xx_hal_tim.c...
compiling stm32f1xx_it.c...
compiling main.c...
compiling stm32f1xx_hal_rcc_ex.c...
compiling stm32f1xx_hal.c...
compiling stm32f1xx_hal_tim_ex.c...
compiling stm32f1xx_hal_gpio.c...
compiling stm32f1xx_hal_uart.c...
compiling stm32f1xx_hal_dma.c...
compiling stm32f1xx_hal_rcc.c...
compiling stm32f1xx_hal_cortex.c...
compiling stm32f1xx_hal_exti.c...
compiling system_stm32f1xx.c...
compiling stm32f1xx_hal_pwr.c...
compiling stm32f1xx_hal_flash.c...
compiling stm32f1xx_hal_flash_ex.c...
linking...
Program Size: Code=3676 RO-data=380 RW-data=24 ZI-data=1704  
FromELF: creating hex file...
"1_USART_Polling_Transmit_Receive\1_USART_Polling_Transmit_Receive.axf" - 0 Error(s), 0 Warning(s).
Build Time Elapsed:  00:00:09
