*** Using Compiler 'V5.06 update 7 (build 960)', folder: 'R:\Program Files\Keil v5\ARM\ARMCC\Bin'
Build target '3_Input_Caputure_Key'
assembling startup_stm32f103xe.s...
compiling stm32f1xx_hal_gpio_ex.c...
compiling tim.c...
compiling main.c...
compiling stm32f1xx_hal_msp.c...
compiling gpio.c...
compiling stm32f1xx_it.c...
compiling stm32f1xx_hal_tim.c...
compiling stm32f1xx_hal.c...
compiling stm32f1xx_hal_rcc_ex.c...
compiling stm32f1xx_hal_gpio.c...
compiling stm32f1xx_hal_cortex.c...
compiling stm32f1xx_hal_rcc.c...
compiling stm32f1xx_hal_dma.c...
compiling stm32f1xx_hal_tim_ex.c...
compiling stm32f1xx_hal_pwr.c...
compiling system_stm32f1xx.c...
compiling stm32f1xx_hal_flash.c...
compiling oled.c...
compiling stm32f1xx_hal_exti.c...
compiling stm32f1xx_hal_flash_ex.c...
linking...
Program Size: Code=6188 RO-data=2828 RW-data=28 ZI-data=1708  
FromELF: creating hex file...
"3_Input_Caputure_Key\3_Input_Caputure_Key.axf" - 0 Error(s), 0 Warning(s).
Build Time Elapsed:  00:00:08
